<?xml version="1.0" encoding="UTF-8"?>
<!-- Generated by org.testng.reporters.JUnitReportReporter -->
<testsuite hostname="Mukeshs-MacBook-Pro.local" failures="0" tests="1" name="testcases.HomePageTest" time="11.373" errors="0" timestamp="07 Aug 2024 08:27:18 GMT" skipped="0">
  <testcase classname="testcases.HomePageTest" name="TC01_AddToCartTest" time="11.373"/>
</testsuite> <!-- testcases.HomePageTest -->
