<?xml version="1.0" encoding="UTF-8"?>
<!-- Generated by org.testng.reporters.JUnitReportReporter -->
<testsuite hostname="Mukeshs-MacBook-Pro.local" failures="0" tests="3" name="testcases.LoginTest" time="10.844" errors="0" timestamp="07 Aug 2024 08:27:59 GMT" skipped="0">
  <testcase classname="testcases.LoginTest" name="TC02_LoginFailureTest" time="3.013"/>
  <testcase classname="testcases.LoginTest" name="TC01_LoginSucessTest" time="4.603"/>
  <testcase classname="testcases.LoginTest" name="TC03_LockedUserTest" time="3.228"/>
</testsuite> <!-- testcases.LoginTest -->
